c:\users\chum\documents\visual studio 2013\projects\gmanlib\accidentalnoise\release\vc120.pdb
c:\users\chum\documents\visual studio 2013\projects\gmanlib\accidentalnoise\release\implicitgain.obj
c:\users\chum\documents\visual studio 2013\projects\gmanlib\accidentalnoise\release\implicitfunctiongradient.obj
c:\users\chum\documents\visual studio 2013\projects\gmanlib\accidentalnoise\release\implicitfractal.obj
c:\users\chum\documents\visual studio 2013\projects\gmanlib\accidentalnoise\release\implicitfloor.obj
c:\users\chum\documents\visual studio 2013\projects\gmanlib\accidentalnoise\release\implicitextractrgbachannel.obj
c:\users\chum\documents\visual studio 2013\projects\gmanlib\accidentalnoise\release\implicitcurve.obj
c:\users\chum\documents\visual studio 2013\projects\gmanlib\accidentalnoise\release\implicitcos.obj
c:\users\chum\documents\visual studio 2013\projects\gmanlib\accidentalnoise\release\implicitconstant.obj
c:\users\chum\documents\visual studio 2013\projects\gmanlib\accidentalnoise\release\implicitcombiner.obj
c:\users\chum\documents\visual studio 2013\projects\gmanlib\accidentalnoise\release\implicitclamp.obj
c:\users\chum\documents\visual studio 2013\projects\gmanlib\accidentalnoise\release\implicitcellular.obj
c:\users\chum\documents\visual studio 2013\projects\gmanlib\accidentalnoise\release\implicitcache.obj
c:\users\chum\documents\visual studio 2013\projects\gmanlib\accidentalnoise\release\implicitbrightcontrast.obj
c:\users\chum\documents\visual studio 2013\projects\gmanlib\accidentalnoise\release\implicitblend.obj
c:\users\chum\documents\visual studio 2013\projects\gmanlib\accidentalnoise\release\implicitbias.obj
c:\users\chum\documents\visual studio 2013\projects\gmanlib\accidentalnoise\release\implicitbasisfunction.obj
c:\users\chum\documents\visual studio 2013\projects\gmanlib\accidentalnoise\release\implicitautocorrect.obj
c:\users\chum\documents\visual studio 2013\projects\gmanlib\accidentalnoise\release\hsv.obj
c:\users\chum\documents\visual studio 2013\projects\gmanlib\accidentalnoise\release\cellulargen.obj
c:\users\chum\documents\visual studio 2013\projects\gmanlib\accidentalnoise\release\arrayoperations.obj
c:\users\chum\documents\visual studio 2013\projects\gmanlib\accidentalnoise\release\noise_gen.obj
c:\users\chum\documents\visual studio 2013\projects\gmanlib\accidentalnoise\release\mapping.obj
c:\users\chum\documents\visual studio 2013\projects\gmanlib\accidentalnoise\release\lodepng.obj
c:\users\chum\documents\visual studio 2013\projects\gmanlib\accidentalnoise\release\accidental_noise.obj
c:\users\chum\documents\visual studio 2013\projects\gmanlib\accidentalnoise\release\implicittriangle.obj
c:\users\chum\documents\visual studio 2013\projects\gmanlib\accidentalnoise\release\implicittranslatedomain.obj
c:\users\chum\documents\visual studio 2013\projects\gmanlib\accidentalnoise\release\implicittiers.obj
c:\users\chum\documents\visual studio 2013\projects\gmanlib\accidentalnoise\release\implicitsphere.obj
c:\users\chum\documents\visual studio 2013\projects\gmanlib\accidentalnoise\release\implicitsin.obj
c:\users\chum\documents\visual studio 2013\projects\gmanlib\accidentalnoise\release\implicitselect.obj
c:\users\chum\documents\visual studio 2013\projects\gmanlib\accidentalnoise\release\implicitscaleoffset.obj
c:\users\chum\documents\visual studio 2013\projects\gmanlib\accidentalnoise\release\implicitscaledomain.obj
c:\users\chum\documents\visual studio 2013\projects\gmanlib\accidentalnoise\release\implicitsawtooth.obj
c:\users\chum\documents\visual studio 2013\projects\gmanlib\accidentalnoise\release\implicitrotatedomain.obj
c:\users\chum\documents\visual studio 2013\projects\gmanlib\accidentalnoise\release\implicitrgbadotproduct.obj
c:\users\chum\documents\visual studio 2013\projects\gmanlib\accidentalnoise\release\implicitpow.obj
c:\users\chum\documents\visual studio 2013\projects\gmanlib\accidentalnoise\release\implicitnormalizecoords.obj
c:\users\chum\documents\visual studio 2013\projects\gmanlib\accidentalnoise\release\implicitmodulebase.obj
c:\users\chum\documents\visual studio 2013\projects\gmanlib\accidentalnoise\release\implicitmagnitude.obj
c:\users\chum\documents\visual studio 2013\projects\gmanlib\accidentalnoise\release\implicitgradient.obj
c:\users\chum\documents\visual studio 2013\projects\gmanlib\accidentalnoise\release\rgbaselect.obj
c:\users\chum\documents\visual studio 2013\projects\gmanlib\accidentalnoise\release\rgbarotatecolor.obj
c:\users\chum\documents\visual studio 2013\projects\gmanlib\accidentalnoise\release\rgbargbatohsv.obj
c:\users\chum\documents\visual studio 2013\projects\gmanlib\accidentalnoise\release\rgbanormalize.obj
c:\users\chum\documents\visual studio 2013\projects\gmanlib\accidentalnoise\release\rgbaimplicitgrayscale.obj
c:\users\chum\documents\visual studio 2013\projects\gmanlib\accidentalnoise\release\rgbahsvtorgba.obj
c:\users\chum\documents\visual studio 2013\projects\gmanlib\accidentalnoise\release\rgbacurve.obj
c:\users\chum\documents\visual studio 2013\projects\gmanlib\accidentalnoise\release\rgbaconstant.obj
c:\users\chum\documents\visual studio 2013\projects\gmanlib\accidentalnoise\release\rgbacomposechannels.obj
c:\users\chum\documents\visual studio 2013\projects\gmanlib\accidentalnoise\release\rgbacolorops.obj
c:\users\chum\documents\visual studio 2013\projects\gmanlib\accidentalnoise\release\rgbablendops.obj
c:\users\chum\documents\visual studio 2013\projects\gmanlib\accidentalnoise\release\rgbablend.obj
c:\users\chum\documents\visual studio 2013\projects\gmanlib\accidentalnoise\release\rasterization.obj
c:\users\chum\documents\visual studio 2013\projects\gmanlib\accidentalnoise\release\noise_lut.obj
c:\users\chum\documents\visual studio 2013\projects\gmanlib\win32project1\accidentalnoise.lib
c:\users\chum\documents\visual studio 2013\projects\gmanlib\accidentalnoise\..\win32project1\accidentalnoise.lib
c:\users\chum\documents\visual studio 2013\projects\gmanlib\accidentalnoise\release\accidentalnoise.tlog\cl.command.1.tlog
c:\users\chum\documents\visual studio 2013\projects\gmanlib\accidentalnoise\release\accidentalnoise.tlog\cl.read.1.tlog
c:\users\chum\documents\visual studio 2013\projects\gmanlib\accidentalnoise\release\accidentalnoise.tlog\cl.write.1.tlog
c:\users\chum\documents\visual studio 2013\projects\gmanlib\accidentalnoise\release\accidentalnoise.tlog\lib-link.read.1.tlog
c:\users\chum\documents\visual studio 2013\projects\gmanlib\accidentalnoise\release\accidentalnoise.tlog\lib-link.write.1.tlog
c:\users\chum\documents\visual studio 2013\projects\gmanlib\accidentalnoise\release\accidentalnoise.tlog\lib.command.1.tlog
